<?xml version="1.0" encoding="UTF-8"?>
<testsuite xmlns:xsi="http://www.w3.org/2001/XMLSchema-instance" xsi:noNamespaceSchemaLocation="https://maven.apache.org/surefire/maven-surefire-plugin/xsd/surefire-test-report-3.0.xsd" version="3.0" name="com.yeahbutstill.sonarqube.demo.service.ProjectServiceTest" time="0.088" tests="10" errors="0" skipped="0" failures="0">
  <properties>
[...]
</properties>
  <testcase name="updateProject_expectSuccess" classname="com.yeahbutstill.sonarqube.demo.service.ProjectServiceTest" time="0.062">
    <system-out><![CDATA[2022-02-04 07:26:49.868  INFO 21305 --- [           main] c.y.s.d.s.i.ProjectServiceImpl           : begin update project, with param ProjectDtoRequest(id=1, projectCode=Code01, projectDescription=Project Transaction, mandays=10, leadEmployee=null)
]]></system-out>
  </testcase>
  <testcase name="insertProject_expectError" classname="com.yeahbutstill.sonarqube.demo.service.ProjectServiceTest" time="0.001">
    <system-out><![CDATA[2022-02-04 07:26:49.877  INFO 21305 --- [           main] c.y.s.d.s.i.ProjectServiceImpl           : begin insert project, with param ProjectDtoRequest(id=1, projectCode=Code01, projectDescription=Project Transaction, mandays=10, leadEmployee=null)
]]></system-out>
  </testcase>
  <testcase name="deleteProject_expectError" classname="com.yeahbutstill.sonarqube.demo.service.ProjectServiceTest" time="0.002">
    <system-out><![CDATA[2022-02-04 07:26:49.881  INFO 21305 --- [           main] c.y.s.d.s.i.ProjectServiceImpl           : begin delete project, with param 1
]]></system-out>
  </testcase>
  <testcase name="deleteProject_expectSuccess" classname="com.yeahbutstill.sonarqube.demo.service.ProjectServiceTest" time="0.003">
    <system-out><![CDATA[2022-02-04 07:26:49.883  INFO 21305 --- [           main] c.y.s.d.s.i.ProjectServiceImpl           : begin delete project, with param 1
]]></system-out>
  </testcase>
  <testcase name="insertProject_expectSuccess" classname="com.yeahbutstill.sonarqube.demo.service.ProjectServiceTest" time="0.002">
    <system-out><![CDATA[2022-02-04 07:26:49.886  INFO 21305 --- [           main] c.y.s.d.s.i.ProjectServiceImpl           : begin insert project, with param ProjectDtoRequest(id=null, projectCode=Code01, projectDescription=Project Transaction, mandays=10, leadEmployee=null)
]]></system-out>
  </testcase>
  <testcase name="updateProject_expectError" classname="com.yeahbutstill.sonarqube.demo.service.ProjectServiceTest" time="0.001">
    <system-out><![CDATA[2022-02-04 07:26:49.888  INFO 21305 --- [           main] c.y.s.d.s.i.ProjectServiceImpl           : begin update project, with param ProjectDtoRequest(id=null, projectCode=Code01, projectDescription=Project Transaction, mandays=10, leadEmployee=null)
]]></system-out>
  </testcase>
  <testcase name="getListProject_expectSuccess" classname="com.yeahbutstill.sonarqube.demo.service.ProjectServiceTest" time="0.005">
    <system-out><![CDATA[2022-02-04 07:26:49.890  INFO 21305 --- [           main] c.y.s.d.s.i.ProjectServiceImpl           : begin findAll project
2022-02-04 07:26:49.892 ERROR 21305 --- [           main] c.y.s.d.s.i.ProjectServiceImpl           : Failed findAll project, Error : java.lang.NullPointerException
]]></system-out>
  </testcase>
  <testcase name="getListProject_expectError" classname="com.yeahbutstill.sonarqube.demo.service.ProjectServiceTest" time="0.002">
    <system-out><![CDATA[2022-02-04 07:26:49.894  INFO 21305 --- [           main] c.y.s.d.s.i.ProjectServiceImpl           : begin findAll project
]]></system-out>
  </testcase>
  <testcase name="getProject_expectError" classname="com.yeahbutstill.sonarqube.demo.service.ProjectServiceTest" time="0.003">
    <system-out><![CDATA[2022-02-04 07:26:49.897  INFO 21305 --- [           main] c.y.s.d.s.i.ProjectServiceImpl           : begin get project, with codeProject null
]]></system-out>
  </testcase>
  <testcase name="getProject_expectSuccess" classname="com.yeahbutstill.sonarqube.demo.service.ProjectServiceTest" time="0.002">
    <system-out><![CDATA[2022-02-04 07:26:49.900  INFO 21305 --- [           main] c.y.s.d.s.i.ProjectServiceImpl           : begin get project, with codeProject null
2022-02-04 07:26:49.901 ERROR 21305 --- [           main] c.y.s.d.s.i.ProjectServiceImpl           : failed get project with projectCode, Error :  java.lang.NullPointerException
]]></system-out>
  </testcase>
</testsuite>