<?xml version="1.0" encoding="UTF-8"?>
<testsuite xmlns:xsi="http://www.w3.org/2001/XMLSchema-instance" xsi:noNamespaceSchemaLocation="https://maven.apache.org/surefire/maven-surefire-plugin/xsd/surefire-test-report-3.0.xsd" version="3.0" name="com.yeahbutstill.sonarqube.demo.controller.ProjectControllerTest" time="2.006" tests="10" errors="0" skipped="0" failures="0">
  <properties>
[...]
</properties>
  <testcase name="detailProject_expectSuccess" classname="com.yeahbutstill.sonarqube.demo.controller.ProjectControllerTest" time="0.029">
    <system-out><![CDATA[
  .   ____          _            __ _ _
 /\\ / ___'_ __ _ _(_)_ __  __ _ \ \ \ \
( ( )\___ | '_ | '_| | '_ \/ _` | \ \ \ \
 \\/  ___)| |_)| | | | | || (_| |  ) ) ) )
  '  |____| .__|_| |_|_| |_\__, | / / / /
 =========|_|==============|___/=/_/_/_/
 :: Spring Boot ::                (v2.6.3)

2022-02-04 07:26:47.697  INFO 21305 --- [           main] c.y.s.d.c.ProjectControllerTest          : Starting ProjectControllerTest using Java 11.0.14 on yeahbutstill with PID 21305 (started by yeahbutstill in /home/yeahbutstill/IdeaProjects/spring-boot-code-analysis-with-sonarqube)
2022-02-04 07:26:47.698  INFO 21305 --- [           main] c.y.s.d.c.ProjectControllerTest          : No active profile set, falling back to default profiles: default
2022-02-04 07:26:47.961  INFO 21305 --- [           main] .s.d.r.c.RepositoryConfigurationDelegate : Bootstrapping Spring Data JPA repositories in DEFAULT mode.
2022-02-04 07:26:47.974  INFO 21305 --- [           main] .s.d.r.c.RepositoryConfigurationDelegate : Finished Spring Data repository scanning in 12 ms. Found 2 JPA repository interfaces.
2022-02-04 07:26:48.162  INFO 21305 --- [           main] o.hibernate.jpa.internal.util.LogHelper  : HHH000204: Processing PersistenceUnitInfo [name: default]
2022-02-04 07:26:48.167  INFO 21305 --- [           main] org.hibernate.dialect.Dialect            : HHH000400: Using dialect: org.hibernate.dialect.PostgreSQLDialect
Hibernate: 
    
    alter table lead_project 
       drop constraint FK5fbf6qqsii6rfs3e6sodnc8em
2022-02-04 07:26:48.238  INFO 21305 --- [           main] com.zaxxer.hikari.HikariDataSource       : HikariPool-2 - Starting...
2022-02-04 07:26:48.246  INFO 21305 --- [           main] com.zaxxer.hikari.HikariDataSource       : HikariPool-2 - Start completed.
Hibernate: 
    
    alter table lead_project 
       drop constraint FKao3oad94fjhubly16prwkd5ln
Hibernate: 
    
    alter table member_project 
       drop constraint FKl2brpp0how3olc7qjtqyrb207
Hibernate: 
    
    alter table member_project 
       drop constraint FKp692rirhb2yjult5dsixkya5h
Hibernate: 
    
    drop table if exists employee cascade
Hibernate: 
    
    drop table if exists lead_project cascade
Hibernate: 
    
    drop table if exists member_project cascade
Hibernate: 
    
    drop table if exists project cascade
Hibernate: 
    
    create table employee (
       id  bigserial not null,
        first_name varchar(255),
        gender varchar(15),
        last_name varchar(255),
        nik varchar(20),
        salary int8,
        title varchar(30),
        primary key (id)
    )
Hibernate: 
    
    create table lead_project (
       employee_id int8,
        project_id int8 not null,
        primary key (project_id)
    )
Hibernate: 
    
    create table member_project (
       employee_id int8 not null,
        project_id int8 not null
    )
Hibernate: 
    
    create table project (
       id  bigserial not null,
        mandays int8,
        project_code varchar(20),
        project_description varchar(255),
        primary key (id)
    )
Hibernate: 
    
    alter table lead_project 
       add constraint FK5fbf6qqsii6rfs3e6sodnc8em 
       foreign key (employee_id) 
       references employee
Hibernate: 
    
    alter table lead_project 
       add constraint FKao3oad94fjhubly16prwkd5ln 
       foreign key (project_id) 
       references project
Hibernate: 
    
    alter table member_project 
       add constraint FKl2brpp0how3olc7qjtqyrb207 
       foreign key (project_id) 
       references project
Hibernate: 
    
    alter table member_project 
       add constraint FKp692rirhb2yjult5dsixkya5h 
       foreign key (employee_id) 
       references employee
2022-02-04 07:26:48.876  INFO 21305 --- [           main] o.h.e.t.j.p.i.JtaPlatformInitiator       : HHH000490: Using JtaPlatform implementation: [org.hibernate.engine.transaction.jta.platform.internal.NoJtaPlatform]
2022-02-04 07:26:48.876  INFO 21305 --- [           main] j.LocalContainerEntityManagerFactoryBean : Initialized JPA EntityManagerFactory for persistence unit 'default'
2022-02-04 07:26:48.992  WARN 21305 --- [           main] JpaBaseConfiguration$JpaWebConfiguration : spring.jpa.open-in-view is enabled by default. Therefore, database queries may be performed during view rendering. Explicitly configure spring.jpa.open-in-view to disable this warning
2022-02-04 07:26:49.481  INFO 21305 --- [           main] o.s.b.a.e.web.EndpointLinksResolver      : Exposing 1 endpoint(s) beneath base path '/actuator'
2022-02-04 07:26:49.513  INFO 21305 --- [           main] c.y.s.d.c.ProjectControllerTest          : Started ProjectControllerTest in 1.864 seconds (JVM running for 13.961)
2022-02-04 07:26:49.521  INFO 21305 --- [           main] o.s.b.t.m.w.SpringBootMockServletContext : Initializing Spring TestDispatcherServlet ''
2022-02-04 07:26:49.521  INFO 21305 --- [           main] o.s.t.web.servlet.TestDispatcherServlet  : Initializing Servlet ''
2022-02-04 07:26:49.522  INFO 21305 --- [           main] o.s.t.web.servlet.TestDispatcherServlet  : Completed initialization in 1 ms
]]></system-out>
  </testcase>
  <testcase name="updateProject_expectSuccess" classname="com.yeahbutstill.sonarqube.demo.controller.ProjectControllerTest" time="0.011">
    <system-out><![CDATA[2022-02-04 07:26:49.552  INFO 21305 --- [           main] o.s.b.t.m.w.SpringBootMockServletContext : Initializing Spring TestDispatcherServlet ''
2022-02-04 07:26:49.552  INFO 21305 --- [           main] o.s.t.web.servlet.TestDispatcherServlet  : Initializing Servlet ''
2022-02-04 07:26:49.553  INFO 21305 --- [           main] o.s.t.web.servlet.TestDispatcherServlet  : Completed initialization in 1 ms
]]></system-out>
  </testcase>
  <testcase name="findAllProject_expectError" classname="com.yeahbutstill.sonarqube.demo.controller.ProjectControllerTest" time="0.008">
    <system-out><![CDATA[2022-02-04 07:26:49.564  INFO 21305 --- [           main] o.s.b.t.m.w.SpringBootMockServletContext : Initializing Spring TestDispatcherServlet ''
2022-02-04 07:26:49.564  INFO 21305 --- [           main] o.s.t.web.servlet.TestDispatcherServlet  : Initializing Servlet ''
2022-02-04 07:26:49.565  INFO 21305 --- [           main] o.s.t.web.servlet.TestDispatcherServlet  : Completed initialization in 1 ms
]]></system-out>
  </testcase>
  <testcase name="findAllProject_expectSuccess" classname="com.yeahbutstill.sonarqube.demo.controller.ProjectControllerTest" time="0.009">
    <system-out><![CDATA[2022-02-04 07:26:49.574  INFO 21305 --- [           main] o.s.b.t.m.w.SpringBootMockServletContext : Initializing Spring TestDispatcherServlet ''
2022-02-04 07:26:49.574  INFO 21305 --- [           main] o.s.t.web.servlet.TestDispatcherServlet  : Initializing Servlet ''
2022-02-04 07:26:49.575  INFO 21305 --- [           main] o.s.t.web.servlet.TestDispatcherServlet  : Completed initialization in 1 ms
]]></system-out>
  </testcase>
  <testcase name="deleteProject_expectError" classname="com.yeahbutstill.sonarqube.demo.controller.ProjectControllerTest" time="0.01">
    <system-out><![CDATA[2022-02-04 07:26:49.586  INFO 21305 --- [           main] o.s.b.t.m.w.SpringBootMockServletContext : Initializing Spring TestDispatcherServlet ''
2022-02-04 07:26:49.586  INFO 21305 --- [           main] o.s.t.web.servlet.TestDispatcherServlet  : Initializing Servlet ''
2022-02-04 07:26:49.588  INFO 21305 --- [           main] o.s.t.web.servlet.TestDispatcherServlet  : Completed initialization in 2 ms
]]></system-out>
  </testcase>
  <testcase name="detailProject_expectError" classname="com.yeahbutstill.sonarqube.demo.controller.ProjectControllerTest" time="0.011">
    <system-out><![CDATA[2022-02-04 07:26:49.598  INFO 21305 --- [           main] o.s.b.t.m.w.SpringBootMockServletContext : Initializing Spring TestDispatcherServlet ''
2022-02-04 07:26:49.598  INFO 21305 --- [           main] o.s.t.web.servlet.TestDispatcherServlet  : Initializing Servlet ''
2022-02-04 07:26:49.599  INFO 21305 --- [           main] o.s.t.web.servlet.TestDispatcherServlet  : Completed initialization in 1 ms
]]></system-out>
  </testcase>
  <testcase name="deleteProject_expectSuccess" classname="com.yeahbutstill.sonarqube.demo.controller.ProjectControllerTest" time="0.01">
    <system-out><![CDATA[2022-02-04 07:26:49.610  INFO 21305 --- [           main] o.s.b.t.m.w.SpringBootMockServletContext : Initializing Spring TestDispatcherServlet ''
2022-02-04 07:26:49.610  INFO 21305 --- [           main] o.s.t.web.servlet.TestDispatcherServlet  : Initializing Servlet ''
2022-02-04 07:26:49.611  INFO 21305 --- [           main] o.s.t.web.servlet.TestDispatcherServlet  : Completed initialization in 1 ms
]]></system-out>
  </testcase>
  <testcase name="createProject_expectError" classname="com.yeahbutstill.sonarqube.demo.controller.ProjectControllerTest" time="0.01">
    <system-out><![CDATA[2022-02-04 07:26:49.621  INFO 21305 --- [           main] o.s.b.t.m.w.SpringBootMockServletContext : Initializing Spring TestDispatcherServlet ''
2022-02-04 07:26:49.621  INFO 21305 --- [           main] o.s.t.web.servlet.TestDispatcherServlet  : Initializing Servlet ''
2022-02-04 07:26:49.622  INFO 21305 --- [           main] o.s.t.web.servlet.TestDispatcherServlet  : Completed initialization in 1 ms
]]></system-out>
  </testcase>
  <testcase name="updateProject_expectError" classname="com.yeahbutstill.sonarqube.demo.controller.ProjectControllerTest" time="0.009">
    <system-out><![CDATA[2022-02-04 07:26:49.632  INFO 21305 --- [           main] o.s.b.t.m.w.SpringBootMockServletContext : Initializing Spring TestDispatcherServlet ''
2022-02-04 07:26:49.632  INFO 21305 --- [           main] o.s.t.web.servlet.TestDispatcherServlet  : Initializing Servlet ''
2022-02-04 07:26:49.634  INFO 21305 --- [           main] o.s.t.web.servlet.TestDispatcherServlet  : Completed initialization in 1 ms
]]></system-out>
  </testcase>
  <testcase name="createProject_expectSuccess" classname="com.yeahbutstill.sonarqube.demo.controller.ProjectControllerTest" time="0.009">
    <system-out><![CDATA[2022-02-04 07:26:49.643  INFO 21305 --- [           main] o.s.b.t.m.w.SpringBootMockServletContext : Initializing Spring TestDispatcherServlet ''
2022-02-04 07:26:49.643  INFO 21305 --- [           main] o.s.t.web.servlet.TestDispatcherServlet  : Initializing Servlet ''
2022-02-04 07:26:49.644  INFO 21305 --- [           main] o.s.t.web.servlet.TestDispatcherServlet  : Completed initialization in 1 ms
]]></system-out>
  </testcase>
</testsuite>